 11:31:39.266 [main] INFO  com.kv.KvStoreApplicationTests 50 - Starting KvStoreApplicationTests on kv.local with PID 62534 (started by karan.verma in /Users/karan.verma/Documents/WS_Damaged/KVStore)
 11:31:39.272 [main] INFO  com.kv.KvStoreApplicationTests 659 - No active profile set, falling back to default profiles: default
 11:31:39.345 [main] INFO  o.s.w.c.s.GenericWebApplicationContext 590 - Refreshing org.springframework.web.context.support.GenericWebApplicationContext@1972e513: startup date [Mon Jun 18 11:31:39 IST 2018]; root of context hierarchy
 11:31:41.122 [main] INFO  o.s.w.s.h.SimpleUrlHandlerMapping 373 - Mapped URL path [/**/favicon.ico] onto handler of type [class org.springframework.web.servlet.resource.ResourceHttpRequestHandler]
 11:31:41.440 [main] INFO  o.s.w.s.m.m.a.RequestMappingHandlerAdapter 574 - Looking for @ControllerAdvice: org.springframework.web.context.support.GenericWebApplicationContext@1972e513: startup date [Mon Jun 18 11:31:39 IST 2018]; root of context hierarchy
 11:31:41.567 [main] INFO  o.s.w.s.m.m.a.RequestMappingHandlerMapping 547 - Mapped "{[/kvstore/get/{key}],methods=[GET]}" onto public java.lang.String com.kv.controller.KVStoreController.get(java.lang.String)
 11:31:41.569 [main] INFO  o.s.w.s.m.m.a.RequestMappingHandlerMapping 547 - Mapped "{[/kvstore/set/{key}],methods=[POST]}" onto public void com.kv.controller.KVStoreController.put(java.lang.String,java.lang.String)
 11:31:41.574 [main] INFO  o.s.w.s.m.m.a.RequestMappingHandlerMapping 547 - Mapped "{[/error]}" onto public org.springframework.http.ResponseEntity<java.util.Map<java.lang.String, java.lang.Object>> org.springframework.boot.autoconfigure.web.servlet.error.BasicErrorController.error(javax.servlet.http.HttpServletRequest)
 11:31:41.576 [main] INFO  o.s.w.s.m.m.a.RequestMappingHandlerMapping 547 - Mapped "{[/error],produces=[text/html]}" onto public org.springframework.web.servlet.ModelAndView org.springframework.boot.autoconfigure.web.servlet.error.BasicErrorController.errorHtml(javax.servlet.http.HttpServletRequest,javax.servlet.http.HttpServletResponse)
 11:31:41.618 [main] INFO  o.s.w.s.h.SimpleUrlHandlerMapping 373 - Mapped URL path [/webjars/**] onto handler of type [class org.springframework.web.servlet.resource.ResourceHttpRequestHandler]
 11:31:41.618 [main] INFO  o.s.w.s.h.SimpleUrlHandlerMapping 373 - Mapped URL path [/**] onto handler of type [class org.springframework.web.servlet.resource.ResourceHttpRequestHandler]
 11:31:41.864 [main] INFO  com.kv.KvStoreApplicationTests 59 - Started KvStoreApplicationTests in 3.189 seconds (JVM running for 4.363)
 11:31:42.051 [Thread-2] INFO  o.s.w.c.s.GenericWebApplicationContext 993 - Closing org.springframework.web.context.support.GenericWebApplicationContext@1972e513: startup date [Mon Jun 18 11:31:39 IST 2018]; root of context hierarchy
 11:45:13.785 [main] INFO  com.kv.KvStoreApplicationTests 50 - Starting KvStoreApplicationTests on kv.local with PID 62726 (started by karan.verma in /Users/karan.verma/Documents/WS_Damaged/KVStore)
 11:45:13.789 [main] INFO  com.kv.KvStoreApplicationTests 659 - No active profile set, falling back to default profiles: default
 11:45:13.886 [main] INFO  o.s.w.c.s.GenericWebApplicationContext 590 - Refreshing org.springframework.web.context.support.GenericWebApplicationContext@1972e513: startup date [Mon Jun 18 11:45:13 IST 2018]; root of context hierarchy
 11:45:15.993 [main] INFO  o.s.w.s.h.SimpleUrlHandlerMapping 373 - Mapped URL path [/**/favicon.ico] onto handler of type [class org.springframework.web.servlet.resource.ResourceHttpRequestHandler]
 11:45:16.407 [main] INFO  o.s.w.s.m.m.a.RequestMappingHandlerAdapter 574 - Looking for @ControllerAdvice: org.springframework.web.context.support.GenericWebApplicationContext@1972e513: startup date [Mon Jun 18 11:45:13 IST 2018]; root of context hierarchy
 11:45:16.601 [main] INFO  o.s.w.s.m.m.a.RequestMappingHandlerMapping 547 - Mapped "{[/kvstore/get/{key}],methods=[GET]}" onto public java.lang.String com.kv.controller.KVStoreController.get(java.lang.String)
 11:45:16.603 [main] INFO  o.s.w.s.m.m.a.RequestMappingHandlerMapping 547 - Mapped "{[/kvstore/set/{key}],methods=[POST]}" onto public void com.kv.controller.KVStoreController.put(java.lang.String,java.lang.String)
 11:45:16.607 [main] INFO  o.s.w.s.m.m.a.RequestMappingHandlerMapping 547 - Mapped "{[/error]}" onto public org.springframework.http.ResponseEntity<java.util.Map<java.lang.String, java.lang.Object>> org.springframework.boot.autoconfigure.web.servlet.error.BasicErrorController.error(javax.servlet.http.HttpServletRequest)
 11:45:16.608 [main] INFO  o.s.w.s.m.m.a.RequestMappingHandlerMapping 547 - Mapped "{[/error],produces=[text/html]}" onto public org.springframework.web.servlet.ModelAndView org.springframework.boot.autoconfigure.web.servlet.error.BasicErrorController.errorHtml(javax.servlet.http.HttpServletRequest,javax.servlet.http.HttpServletResponse)
 11:45:16.646 [main] INFO  o.s.w.s.h.SimpleUrlHandlerMapping 373 - Mapped URL path [/webjars/**] onto handler of type [class org.springframework.web.servlet.resource.ResourceHttpRequestHandler]
 11:45:16.646 [main] INFO  o.s.w.s.h.SimpleUrlHandlerMapping 373 - Mapped URL path [/**] onto handler of type [class org.springframework.web.servlet.resource.ResourceHttpRequestHandler]
 11:45:16.897 [main] INFO  com.kv.KvStoreApplicationTests 59 - Started KvStoreApplicationTests in 3.707 seconds (JVM running for 4.921)
 11:45:17.110 [Thread-2] INFO  o.s.w.c.s.GenericWebApplicationContext 993 - Closing org.springframework.web.context.support.GenericWebApplicationContext@1972e513: startup date [Mon Jun 18 11:45:13 IST 2018]; root of context hierarchy
 14:19:19.409 [main] INFO  com.kv.KvStoreApplicationTests 50 - Starting KvStoreApplicationTests on kv.local with PID 64174 (started by karan.verma in /Users/karan.verma/Documents/WS_Damaged/KVStore)
 14:19:19.412 [main] INFO  com.kv.KvStoreApplicationTests 659 - No active profile set, falling back to default profiles: default
 14:19:19.511 [main] INFO  o.s.w.c.s.GenericWebApplicationContext 590 - Refreshing org.springframework.web.context.support.GenericWebApplicationContext@4c163e3: startup date [Mon Jun 18 14:19:19 IST 2018]; root of context hierarchy
 14:19:21.320 [main] INFO  o.s.w.s.h.SimpleUrlHandlerMapping 373 - Mapped URL path [/**/favicon.ico] onto handler of type [class org.springframework.web.servlet.resource.ResourceHttpRequestHandler]
 14:19:21.637 [main] INFO  o.s.w.s.m.m.a.RequestMappingHandlerAdapter 574 - Looking for @ControllerAdvice: org.springframework.web.context.support.GenericWebApplicationContext@4c163e3: startup date [Mon Jun 18 14:19:19 IST 2018]; root of context hierarchy
 14:19:21.780 [main] INFO  o.s.w.s.m.m.a.RequestMappingHandlerMapping 547 - Mapped "{[/kvstore/get/{key}],methods=[GET]}" onto public java.lang.String com.kv.controller.KVStoreController.get(java.lang.String)
 14:19:21.782 [main] INFO  o.s.w.s.m.m.a.RequestMappingHandlerMapping 547 - Mapped "{[/kvstore/set/{key}],methods=[POST]}" onto public void com.kv.controller.KVStoreController.put(java.lang.String,java.lang.String)
 14:19:21.788 [main] INFO  o.s.w.s.m.m.a.RequestMappingHandlerMapping 547 - Mapped "{[/error]}" onto public org.springframework.http.ResponseEntity<java.util.Map<java.lang.String, java.lang.Object>> org.springframework.boot.autoconfigure.web.servlet.error.BasicErrorController.error(javax.servlet.http.HttpServletRequest)
 14:19:21.789 [main] INFO  o.s.w.s.m.m.a.RequestMappingHandlerMapping 547 - Mapped "{[/error],produces=[text/html]}" onto public org.springframework.web.servlet.ModelAndView org.springframework.boot.autoconfigure.web.servlet.error.BasicErrorController.errorHtml(javax.servlet.http.HttpServletRequest,javax.servlet.http.HttpServletResponse)
 14:19:21.829 [main] INFO  o.s.w.s.h.SimpleUrlHandlerMapping 373 - Mapped URL path [/webjars/**] onto handler of type [class org.springframework.web.servlet.resource.ResourceHttpRequestHandler]
 14:19:21.830 [main] INFO  o.s.w.s.h.SimpleUrlHandlerMapping 373 - Mapped URL path [/**] onto handler of type [class org.springframework.web.servlet.resource.ResourceHttpRequestHandler]
 14:19:22.078 [main] INFO  com.kv.KvStoreApplicationTests 59 - Started KvStoreApplicationTests in 3.301 seconds (JVM running for 4.53)
 14:19:22.284 [Thread-2] INFO  o.s.w.c.s.GenericWebApplicationContext 993 - Closing org.springframework.web.context.support.GenericWebApplicationContext@4c163e3: startup date [Mon Jun 18 14:19:19 IST 2018]; root of context hierarchy
 15:33:06.479 [main] INFO  com.kv.KvStoreApplicationTests 50 - Starting KvStoreApplicationTests on kv.local with PID 65732 (started by karan.verma in /Users/karan.verma/Documents/WS_Damaged/KVStore)
 15:33:06.482 [main] INFO  com.kv.KvStoreApplicationTests 659 - No active profile set, falling back to default profiles: default
 15:33:06.588 [main] INFO  o.s.w.c.s.GenericWebApplicationContext 590 - Refreshing org.springframework.web.context.support.GenericWebApplicationContext@4d0d9fe7: startup date [Mon Jun 18 15:33:06 IST 2018]; root of context hierarchy
 15:33:08.702 [main] INFO  o.s.w.s.h.SimpleUrlHandlerMapping 373 - Mapped URL path [/**/favicon.ico] onto handler of type [class org.springframework.web.servlet.resource.ResourceHttpRequestHandler]
 15:33:09.104 [main] INFO  o.s.w.s.m.m.a.RequestMappingHandlerAdapter 574 - Looking for @ControllerAdvice: org.springframework.web.context.support.GenericWebApplicationContext@4d0d9fe7: startup date [Mon Jun 18 15:33:06 IST 2018]; root of context hierarchy
 15:33:09.231 [main] INFO  o.s.w.s.m.m.a.RequestMappingHandlerMapping 547 - Mapped "{[/kvstore/get/{key}],methods=[GET]}" onto public java.lang.String com.kv.controller.KVStoreController.get(java.lang.String)
 15:33:09.234 [main] INFO  o.s.w.s.m.m.a.RequestMappingHandlerMapping 547 - Mapped "{[/kvstore/set/{key}],methods=[POST]}" onto public void com.kv.controller.KVStoreController.put(java.lang.String,java.lang.String)
 15:33:09.240 [main] INFO  o.s.w.s.m.m.a.RequestMappingHandlerMapping 547 - Mapped "{[/error]}" onto public org.springframework.http.ResponseEntity<java.util.Map<java.lang.String, java.lang.Object>> org.springframework.boot.autoconfigure.web.servlet.error.BasicErrorController.error(javax.servlet.http.HttpServletRequest)
 15:33:09.242 [main] INFO  o.s.w.s.m.m.a.RequestMappingHandlerMapping 547 - Mapped "{[/error],produces=[text/html]}" onto public org.springframework.web.servlet.ModelAndView org.springframework.boot.autoconfigure.web.servlet.error.BasicErrorController.errorHtml(javax.servlet.http.HttpServletRequest,javax.servlet.http.HttpServletResponse)
 15:33:09.286 [main] INFO  o.s.w.s.h.SimpleUrlHandlerMapping 373 - Mapped URL path [/webjars/**] onto handler of type [class org.springframework.web.servlet.resource.ResourceHttpRequestHandler]
 15:33:09.287 [main] INFO  o.s.w.s.h.SimpleUrlHandlerMapping 373 - Mapped URL path [/**] onto handler of type [class org.springframework.web.servlet.resource.ResourceHttpRequestHandler]
 15:33:09.570 [main] INFO  com.kv.KvStoreApplicationTests 59 - Started KvStoreApplicationTests in 3.771 seconds (JVM running for 5.048)
 15:33:09.775 [Thread-2] INFO  o.s.w.c.s.GenericWebApplicationContext 993 - Closing org.springframework.web.context.support.GenericWebApplicationContext@4d0d9fe7: startup date [Mon Jun 18 15:33:06 IST 2018]; root of context hierarchy
 15:35:00.589 [main] INFO  com.kv.KvStoreApplicationTests 50 - Starting KvStoreApplicationTests on kv.local with PID 65790 (started by karan.verma in /Users/karan.verma/Documents/WS_Damaged/KVStore)
 15:35:00.597 [main] INFO  com.kv.KvStoreApplicationTests 659 - No active profile set, falling back to default profiles: default
 15:35:00.645 [main] INFO  o.s.w.c.s.GenericWebApplicationContext 590 - Refreshing org.springframework.web.context.support.GenericWebApplicationContext@4c163e3: startup date [Mon Jun 18 15:35:00 IST 2018]; root of context hierarchy
 15:35:02.377 [main] INFO  o.s.w.s.h.SimpleUrlHandlerMapping 373 - Mapped URL path [/**/favicon.ico] onto handler of type [class org.springframework.web.servlet.resource.ResourceHttpRequestHandler]
 15:35:02.724 [main] INFO  o.s.w.s.m.m.a.RequestMappingHandlerAdapter 574 - Looking for @ControllerAdvice: org.springframework.web.context.support.GenericWebApplicationContext@4c163e3: startup date [Mon Jun 18 15:35:00 IST 2018]; root of context hierarchy
 15:35:02.824 [main] INFO  o.s.w.s.m.m.a.RequestMappingHandlerMapping 547 - Mapped "{[/kvstore/get/{key}],methods=[GET]}" onto public java.lang.String com.kv.controller.KVStoreController.get(java.lang.String)
 15:35:02.827 [main] INFO  o.s.w.s.m.m.a.RequestMappingHandlerMapping 547 - Mapped "{[/kvstore/set/{key}],methods=[POST]}" onto public void com.kv.controller.KVStoreController.put(java.lang.String,java.lang.String)
 15:35:02.831 [main] INFO  o.s.w.s.m.m.a.RequestMappingHandlerMapping 547 - Mapped "{[/error]}" onto public org.springframework.http.ResponseEntity<java.util.Map<java.lang.String, java.lang.Object>> org.springframework.boot.autoconfigure.web.servlet.error.BasicErrorController.error(javax.servlet.http.HttpServletRequest)
 15:35:02.832 [main] INFO  o.s.w.s.m.m.a.RequestMappingHandlerMapping 547 - Mapped "{[/error],produces=[text/html]}" onto public org.springframework.web.servlet.ModelAndView org.springframework.boot.autoconfigure.web.servlet.error.BasicErrorController.errorHtml(javax.servlet.http.HttpServletRequest,javax.servlet.http.HttpServletResponse)
 15:35:02.872 [main] INFO  o.s.w.s.h.SimpleUrlHandlerMapping 373 - Mapped URL path [/webjars/**] onto handler of type [class org.springframework.web.servlet.resource.ResourceHttpRequestHandler]
 15:35:02.873 [main] INFO  o.s.w.s.h.SimpleUrlHandlerMapping 373 - Mapped URL path [/**] onto handler of type [class org.springframework.web.servlet.resource.ResourceHttpRequestHandler]
 15:35:03.124 [main] INFO  com.kv.KvStoreApplicationTests 59 - Started KvStoreApplicationTests in 3.289 seconds (JVM running for 4.493)
 15:35:03.288 [Thread-2] INFO  o.s.w.c.s.GenericWebApplicationContext 993 - Closing org.springframework.web.context.support.GenericWebApplicationContext@4c163e3: startup date [Mon Jun 18 15:35:00 IST 2018]; root of context hierarchy
 16:00:45.392 [main] INFO  com.kv.KvStoreApplicationTests 50 - Starting KvStoreApplicationTests on kv.local with PID 66331 (started by karan.verma in /Users/karan.verma/Documents/WS_Damaged/KVStore)
 16:00:45.400 [main] INFO  com.kv.KvStoreApplicationTests 659 - No active profile set, falling back to default profiles: default
 16:00:45.588 [main] INFO  o.s.w.c.s.GenericWebApplicationContext 590 - Refreshing org.springframework.web.context.support.GenericWebApplicationContext@4c163e3: startup date [Mon Jun 18 16:00:45 IST 2018]; root of context hierarchy
 16:00:48.397 [main] INFO  o.s.w.s.h.SimpleUrlHandlerMapping 373 - Mapped URL path [/**/favicon.ico] onto handler of type [class org.springframework.web.servlet.resource.ResourceHttpRequestHandler]
 16:00:48.817 [main] INFO  o.s.w.s.m.m.a.RequestMappingHandlerAdapter 574 - Looking for @ControllerAdvice: org.springframework.web.context.support.GenericWebApplicationContext@4c163e3: startup date [Mon Jun 18 16:00:45 IST 2018]; root of context hierarchy
 16:00:48.934 [main] INFO  o.s.w.s.m.m.a.RequestMappingHandlerMapping 547 - Mapped "{[/kvstore/get/{key}],methods=[GET]}" onto public java.lang.String com.kv.controller.KVStoreController.get(java.lang.String)
 16:00:48.936 [main] INFO  o.s.w.s.m.m.a.RequestMappingHandlerMapping 547 - Mapped "{[/kvstore/set/{key}],methods=[POST]}" onto public void com.kv.controller.KVStoreController.put(java.lang.String,java.lang.String)
 16:00:48.941 [main] INFO  o.s.w.s.m.m.a.RequestMappingHandlerMapping 547 - Mapped "{[/error]}" onto public org.springframework.http.ResponseEntity<java.util.Map<java.lang.String, java.lang.Object>> org.springframework.boot.autoconfigure.web.servlet.error.BasicErrorController.error(javax.servlet.http.HttpServletRequest)
 16:00:48.942 [main] INFO  o.s.w.s.m.m.a.RequestMappingHandlerMapping 547 - Mapped "{[/error],produces=[text/html]}" onto public org.springframework.web.servlet.ModelAndView org.springframework.boot.autoconfigure.web.servlet.error.BasicErrorController.errorHtml(javax.servlet.http.HttpServletRequest,javax.servlet.http.HttpServletResponse)
 16:00:48.985 [main] INFO  o.s.w.s.h.SimpleUrlHandlerMapping 373 - Mapped URL path [/webjars/**] onto handler of type [class org.springframework.web.servlet.resource.ResourceHttpRequestHandler]
 16:00:48.986 [main] INFO  o.s.w.s.h.SimpleUrlHandlerMapping 373 - Mapped URL path [/**] onto handler of type [class org.springframework.web.servlet.resource.ResourceHttpRequestHandler]
 16:00:49.224 [main] INFO  com.kv.KvStoreApplicationTests 59 - Started KvStoreApplicationTests in 4.617 seconds (JVM running for 6.425)
 16:00:49.471 [Thread-2] INFO  o.s.w.c.s.GenericWebApplicationContext 993 - Closing org.springframework.web.context.support.GenericWebApplicationContext@4c163e3: startup date [Mon Jun 18 16:00:45 IST 2018]; root of context hierarchy
